<?xml version="1.0" encoding="UTF-8"?>
<testsuite xmlns:xsi="http://www.w3.org/2001/XMLSchema-instance" xsi:noNamespaceSchemaLocation="https://maven.apache.org/surefire/maven-surefire-plugin/xsd/surefire-test-report-3.0.xsd" version="3.0" name="TestSuite" time="4.274" tests="3" errors="0" skipped="0" failures="0">
  <properties>
[...]
</properties>
  <testcase name="runScenario[&quot;Create new user&quot;, &quot;Create User API&quot;](1)" classname="runners.TestRunner" time="2.212">
    <system-out><![CDATA[
Scenario: Create new user        # src/test/resources/features/create_user.feature:3
  Given user sends POST request  # stepdefinitions.CreateUserSteps.user_sends_post_request()
  Then status code should be 201 # stepdefinitions.CommonSteps.status_code_should_be(java.lang.Integer)
]]></system-out>
    <system-err><![CDATA[SLF4J: Failed to load class "org.slf4j.impl.StaticLoggerBinder".
SLF4J: Defaulting to no-operation (NOP) logger implementation
SLF4J: See http://www.slf4j.org/codes.html#StaticLoggerBinder for further details.
]]></system-err>
  </testcase>
  <testcase name="runScenario[&quot;Get user list&quot;, &quot;Get User API&quot;](2)" classname="runners.TestRunner" time="0.205">
    <system-out><![CDATA[
Scenario: Get user list          # src/test/resources/features/get_user.feature:3
  Given user sends GET request   # stepdefinitions.GetUserSteps.user_sends_get_request()
  Then status code should be 200 # stepdefinitions.CommonSteps.status_code_should_be(java.lang.Integer)
]]></system-out>
  </testcase>
  <testcase name="runScenario[&quot;Update existing user&quot;, &quot;Update User API&quot;](3)" classname="runners.TestRunner" time="0.884">
    <system-out><![CDATA[
Scenario: Update existing user   # src/test/resources/features/update_user.feature:3
  Given user sends PUT request   # stepdefinitions.UpdateUserSteps.user_sends_put_request()
  Then status code should be 200 # stepdefinitions.CommonSteps.status_code_should_be(java.lang.Integer)
]]></system-out>
  </testcase>
</testsuite>