<?xml version="1.0" encoding="UTF-8"?>
<!-- Generated by org.testng.reporters.JUnitReportReporter -->
<testsuite hostname="muqtadeer" failures="0" tests="3" name="runners.TestRunner" time="4.360" errors="0" timestamp="2025-12-11T12:25:40 IST" skipped="0">
  <testcase classname="runners.TestRunner" name="runScenario" time="3.075"/>
  <testcase classname="runners.TestRunner" name="runScenario" time="0.911"/>
  <testcase classname="runners.TestRunner" name="runScenario" time="0.374"/>
</testsuite> <!-- runners.TestRunner -->
