<?xml version="1.0" encoding="UTF-8"?>
<!-- Generated by org.testng.reporters.JUnitReportReporter -->
<testsuite hostname="muqtadeer" failures="0" tests="3" name="runners.TestRunner" time="3.300" errors="0" timestamp="2025-12-08T14:58:15 IST" skipped="0">
  <testcase classname="runners.TestRunner" name="runScenario" time="2.211"/>
  <testcase classname="runners.TestRunner" name="runScenario" time="0.883"/>
  <testcase classname="runners.TestRunner" name="runScenario" time="0.206"/>
</testsuite> <!-- runners.TestRunner -->
